<?xml version="1.0" encoding="UTF-8"?>
<testng-results skipped="0" failed="0" ignored="0" total="1" passed="1">
  <reporter-output>
  </reporter-output>
  <suite name="testVagrantTestSuit" duration-ms="40939" started-at="2020-12-07T09:24:55 IST" finished-at="2020-12-07T09:25:35 IST">
    <groups>
    </groups>
    <test name="BasicTest" duration-ms="40939" started-at="2020-12-07T09:24:55 IST" finished-at="2020-12-07T09:25:35 IST">
      <class name="test.WeatherCheckTestCases">
        <test-method status="PASS" signature="getWeatherInformation()[pri:0, instance:test.WeatherCheckTestCases@5f2108b5]" name="getWeatherInformation" is-config="true" duration-ms="5144" started-at="2020-12-07T09:24:55 IST" finished-at="2020-12-07T09:25:00 IST">
          <reporter-output>
          </reporter-output>
        </test-method> <!-- getWeatherInformation -->
        <test-method status="PASS" signature="startTest()[pri:0, instance:test.WeatherCheckTestCases@5f2108b5]" name="startTest" is-config="true" duration-ms="52" started-at="2020-12-07T09:25:00 IST" finished-at="2020-12-07T09:25:00 IST">
          <reporter-output>
          </reporter-output>
        </test-method> <!-- startTest -->
        <test-method status="PASS" signature="exampleOfTestNgMaven()[pri:0, instance:test.WeatherCheckTestCases@5f2108b5]" name="exampleOfTestNgMaven" duration-ms="34510" started-at="2020-12-07T09:25:00 IST" finished-at="2020-12-07T09:25:34 IST">
          <reporter-output>
          </reporter-output>
        </test-method> <!-- exampleOfTestNgMaven -->
        <test-method status="PASS" signature="endTest()[pri:0, instance:test.WeatherCheckTestCases@5f2108b5]" name="endTest" is-config="true" duration-ms="1193" started-at="2020-12-07T09:25:34 IST" finished-at="2020-12-07T09:25:35 IST">
          <reporter-output>
          </reporter-output>
        </test-method> <!-- endTest -->
      </class> <!-- test.WeatherCheckTestCases -->
    </test> <!-- BasicTest -->
  </suite> <!-- testVagrantTestSuit -->
</testng-results>
